  sample.cpp
c:\users\drake\documents\oregon state\9 fall 2017\cs 450\proj4 - solar system\sample2017\sphere.cpp(60): warning C4244: 'initializing': conversion from 'double' to 'float', possible loss of data
c:\users\drake\documents\oregon state\9 fall 2017\cs 450\proj4 - solar system\sample2017\sphere.cpp(61): warning C4244: 'initializing': conversion from 'double' to 'float', possible loss of data
c:\users\drake\documents\oregon state\9 fall 2017\cs 450\proj4 - solar system\sample2017\sphere.cpp(62): warning C4244: 'initializing': conversion from 'double' to 'float', possible loss of data
c:\users\drake\documents\oregon state\9 fall 2017\cs 450\proj4 - solar system\sample2017\sphere.cpp(65): warning C4244: 'initializing': conversion from 'double' to 'float', possible loss of data
c:\users\drake\documents\oregon state\9 fall 2017\cs 450\proj4 - solar system\sample2017\sphere.cpp(66): warning C4244: 'initializing': conversion from 'double' to 'float', possible loss of data
c:\users\drake\documents\oregon state\9 fall 2017\cs 450\proj4 - solar system\sample2017\sphere.cpp(67): warning C4244: 'initializing': conversion from 'double' to 'float', possible loss of data
c:\users\drake\documents\oregon state\9 fall 2017\cs 450\proj4 - solar system\sample2017\sphere.cpp(78): warning C4244: '=': conversion from 'double' to 'float', possible loss of data
c:\users\drake\documents\oregon state\9 fall 2017\cs 450\proj4 - solar system\sample2017\sphere.cpp(82): warning C4244: '=': conversion from 'double' to 'float', possible loss of data
c:\users\drake\documents\oregon state\9 fall 2017\cs 450\proj4 - solar system\sample2017\sphere.cpp(83): warning C4244: '=': conversion from 'double' to 'float', possible loss of data
c:\users\drake\documents\oregon state\9 fall 2017\cs 450\proj4 - solar system\sample2017\sample.cpp(325): warning C4244: 'return': conversion from 'double' to 'float', possible loss of data
c:\users\drake\documents\oregon state\9 fall 2017\cs 450\proj4 - solar system\sample2017\sample.cpp(562): warning C4305: 'argument': truncation from 'double' to 'float'
c:\users\drake\documents\oregon state\9 fall 2017\cs 450\proj4 - solar system\sample2017\sample.cpp(565): warning C4305: 'argument': truncation from 'double' to 'float'
c:\users\drake\documents\oregon state\9 fall 2017\cs 450\proj4 - solar system\sample2017\sample.cpp(566): warning C4244: 'argument': conversion from 'double' to 'float', possible loss of data
c:\users\drake\documents\oregon state\9 fall 2017\cs 450\proj4 - solar system\sample2017\sample.cpp(569): warning C4305: 'argument': truncation from 'double' to 'float'
c:\users\drake\documents\oregon state\9 fall 2017\cs 450\proj4 - solar system\sample2017\sample.cpp(602): warning C4305: 'argument': truncation from 'double' to 'float'
c:\users\drake\documents\oregon state\9 fall 2017\cs 450\proj4 - solar system\sample2017\sample.cpp(609): warning C4305: 'argument': truncation from 'double' to 'float'
c:\users\drake\documents\oregon state\9 fall 2017\cs 450\proj4 - solar system\sample2017\sample.cpp(617): warning C4305: 'argument': truncation from 'double' to 'float'
c:\users\drake\documents\oregon state\9 fall 2017\cs 450\proj4 - solar system\sample2017\sample.cpp(633): warning C4305: 'argument': truncation from 'double' to 'float'
c:\users\drake\documents\oregon state\9 fall 2017\cs 450\proj4 - solar system\sample2017\sample.cpp(1002): warning C4244: 'argument': conversion from 'int' to 'float', possible loss of data
c:\users\drake\documents\oregon state\9 fall 2017\cs 450\proj4 - solar system\sample2017\sample.cpp(1014): warning C4305: 'argument': truncation from 'double' to 'GLfloat'
c:\users\drake\documents\oregon state\9 fall 2017\cs 450\proj4 - solar system\sample2017\sample.cpp(1015): warning C4244: 'argument': conversion from 'float' to 'GLint', possible loss of data
c:\users\drake\documents\oregon state\9 fall 2017\cs 450\proj4 - solar system\sample2017\sample.cpp(1024): warning C4305: 'argument': truncation from 'double' to 'GLfloat'
c:\users\drake\documents\oregon state\9 fall 2017\cs 450\proj4 - solar system\sample2017\sample.cpp(1027): warning C4244: 'argument': conversion from 'float' to 'GLint', possible loss of data
c:\users\drake\documents\oregon state\9 fall 2017\cs 450\proj4 - solar system\sample2017\sample.cpp(1037): warning C4305: 'argument': truncation from 'double' to 'GLfloat'
c:\users\drake\documents\oregon state\9 fall 2017\cs 450\proj4 - solar system\sample2017\sample.cpp(1040): warning C4244: 'argument': conversion from 'float' to 'GLint', possible loss of data
c:\users\drake\documents\oregon state\9 fall 2017\cs 450\proj4 - solar system\sample2017\sample.cpp(1050): warning C4305: 'argument': truncation from 'double' to 'GLfloat'
c:\users\drake\documents\oregon state\9 fall 2017\cs 450\proj4 - solar system\sample2017\sample.cpp(1053): warning C4244: 'argument': conversion from 'float' to 'GLint', possible loss of data
c:\users\drake\documents\oregon state\9 fall 2017\cs 450\proj4 - solar system\sample2017\sample.cpp(1065): warning C4244: 'argument': conversion from 'double' to 'GLfloat', possible loss of data
c:\users\drake\documents\oregon state\9 fall 2017\cs 450\proj4 - solar system\sample2017\sample.cpp(1066): warning C4244: 'argument': conversion from 'float' to 'GLint', possible loss of data
c:\users\drake\documents\oregon state\9 fall 2017\cs 450\proj4 - solar system\sample2017\sample.cpp(1076): warning C4305: 'argument': truncation from 'double' to 'GLfloat'
c:\users\drake\documents\oregon state\9 fall 2017\cs 450\proj4 - solar system\sample2017\sample.cpp(1079): warning C4244: 'argument': conversion from 'float' to 'GLint', possible loss of data
c:\users\drake\documents\oregon state\9 fall 2017\cs 450\proj4 - solar system\sample2017\sample.cpp(1089): warning C4305: 'argument': truncation from 'double' to 'GLfloat'
c:\users\drake\documents\oregon state\9 fall 2017\cs 450\proj4 - solar system\sample2017\sample.cpp(1092): warning C4244: 'argument': conversion from 'float' to 'GLint', possible loss of data
c:\users\drake\documents\oregon state\9 fall 2017\cs 450\proj4 - solar system\sample2017\sample.cpp(1465): warning C4244: 'initializing': conversion from 'double' to 'float', possible loss of data
sample.obj : warning LNK4075: ignoring '/EDITANDCONTINUE' due to '/INCREMENTAL:NO' specification
  Sample.vcxproj -> C:\Users\Drake\Documents\Oregon State\9 Fall 2017\CS 450\Proj4 - Solar System\Sample2017\.\Debug\Sample.exe
  Sample.vcxproj -> .\Debug/Sample.pdb (Full PDB)
